<component name="libraryTable">
  <library name="junit-4.12 (3)">
    <CLASSES>
      <root url="jar://$USER_HOME$/Desktop/AndroidStudio/FamilyMap/jars/JUnit4/junit-4.12.jar!/" />
    </CLASSES>
    <JAVADOC />
    <SOURCES />
  </library>
</component>